[debug] [2023-03-07T18:49:57.119Z] ----------------------------------------------------------------------
[debug] [2023-03-07T18:49:57.121Z] Command:       C:\Program Files\nodejs\node.exe C:\Users\BusayoOgunde\AppData\Roaming\npm\node_modules\firebase-tools\lib\bin\firebase.js init
[debug] [2023-03-07T18:49:57.121Z] CLI Version:   11.24.0
[debug] [2023-03-07T18:49:57.121Z] Platform:      win32
[debug] [2023-03-07T18:49:57.121Z] Node Version:  v18.12.1
[debug] [2023-03-07T18:49:57.122Z] Time:          Tue Mar 07 2023 19:49:57 GMT+0100 (West Africa Standard Time)
[debug] [2023-03-07T18:49:57.122Z] ----------------------------------------------------------------------
[debug] 
[debug] [2023-03-07T18:49:57.130Z] > command requires scopes: ["email","openid","https://www.googleapis.com/auth/cloudplatformprojects.readonly","https://www.googleapis.com/auth/firebase","https://www.googleapis.com/auth/cloud-platform"]
[debug] [2023-03-07T18:49:57.131Z] > authorizing via signed-in user (ogundebusayo16@gmail.com)
[info] 
     ######## #### ########  ######## ########     ###     ######  ########
     ##        ##  ##     ## ##       ##     ##  ##   ##  ##       ##
     ######    ##  ########  ######   ########  #########  ######  ######
     ##        ##  ##    ##  ##       ##     ## ##     ##       ## ##
     ##       #### ##     ## ######## ########  ##     ##  ######  ########

You're about to initialize a Firebase project in this directory:

  C:\Users\BusayoOgunde\Desktop\todoist

[info] 
=== Project Setup
[info] 
[info] First, let's associate this project directory with a Firebase project.
[info] You can create multiple project aliases by running firebase use --add, 
[info] but for now we'll just set up a default project.
[info] 
[debug] [2023-03-07T18:50:43.893Z] >>> [apiv2][query] GET https://firebase.googleapis.com/v1beta1/projects pageSize=100
[debug] [2023-03-07T18:50:44.694Z] <<< [apiv2][status] GET https://firebase.googleapis.com/v1beta1/projects 200
[debug] [2023-03-07T18:50:44.695Z] <<< [apiv2][body] GET https://firebase.googleapis.com/v1beta1/projects [omitted]
[info] i  Using project must-do (must-do) 
[info] 
=== Database Setup
[info] i  database: ensuring required API firebasedatabase.googleapis.com is enabled... 
[debug] [2023-03-07T18:50:46.878Z] >>> [apiv2][query] GET https://serviceusage.googleapis.com/v1/projects/must-do/services/firebasedatabase.googleapis.com [none]
[debug] [2023-03-07T18:50:46.878Z] >>> [apiv2][(partial)header] GET https://serviceusage.googleapis.com/v1/projects/must-do/services/firebasedatabase.googleapis.com x-goog-quota-user=projects/must-do
[debug] [2023-03-07T18:50:48.069Z] <<< [apiv2][status] GET https://serviceusage.googleapis.com/v1/projects/must-do/services/firebasedatabase.googleapis.com 200
[debug] [2023-03-07T18:50:48.069Z] <<< [apiv2][body] GET https://serviceusage.googleapis.com/v1/projects/must-do/services/firebasedatabase.googleapis.com [omitted]
[warn] !  database: missing required API firebasedatabase.googleapis.com. Enabling now... 
[debug] [2023-03-07T18:50:48.073Z] >>> [apiv2][query] POST https://serviceusage.googleapis.com/v1/projects/must-do/services/firebasedatabase.googleapis.com:enable [none]
[debug] [2023-03-07T18:50:48.073Z] >>> [apiv2][(partial)header] POST https://serviceusage.googleapis.com/v1/projects/must-do/services/firebasedatabase.googleapis.com:enable x-goog-quota-user=projects/must-do
[debug] [2023-03-07T18:50:49.710Z] <<< [apiv2][status] POST https://serviceusage.googleapis.com/v1/projects/must-do/services/firebasedatabase.googleapis.com:enable 200
[debug] [2023-03-07T18:50:49.711Z] <<< [apiv2][body] POST https://serviceusage.googleapis.com/v1/projects/must-do/services/firebasedatabase.googleapis.com:enable [omitted]
[debug] [2023-03-07T18:50:59.728Z] >>> [apiv2][query] GET https://serviceusage.googleapis.com/v1/projects/must-do/services/firebasedatabase.googleapis.com [none]
[debug] [2023-03-07T18:50:59.729Z] >>> [apiv2][(partial)header] GET https://serviceusage.googleapis.com/v1/projects/must-do/services/firebasedatabase.googleapis.com x-goog-quota-user=projects/must-do
[debug] [2023-03-07T18:51:00.793Z] <<< [apiv2][status] GET https://serviceusage.googleapis.com/v1/projects/must-do/services/firebasedatabase.googleapis.com 200
[debug] [2023-03-07T18:51:00.793Z] <<< [apiv2][body] GET https://serviceusage.googleapis.com/v1/projects/must-do/services/firebasedatabase.googleapis.com [omitted]
[info] +  database: required API firebasedatabase.googleapis.com is enabled 
[info] 
[debug] [2023-03-07T18:51:00.806Z] >>> [apiv2][query] GET https://firebase.googleapis.com/v1beta1/projects/must-do [none]
[debug] [2023-03-07T18:51:01.327Z] <<< [apiv2][status] GET https://firebase.googleapis.com/v1beta1/projects/must-do 200
[debug] [2023-03-07T18:51:01.328Z] <<< [apiv2][body] GET https://firebase.googleapis.com/v1beta1/projects/must-do {"projectId":"must-do","projectNumber":"403335231706","displayName":"must-do","name":"projects/must-do","resources":{"hostingSite":"must-do"},"state":"ACTIVE","etag":"1_3e4afa50-d010-4460-87f4-c229aa78b6e0"}
[debug] [2023-03-07T18:51:07.833Z] >>> [apiv2][query] POST https://firebasedatabase.googleapis.com/v1beta/projects/must-do/locations/us-central1/instances databaseId=must-do-default-rtdb&validateOnly=true
[debug] [2023-03-07T18:51:07.834Z] >>> [apiv2][body] POST https://firebasedatabase.googleapis.com/v1beta/projects/must-do/locations/us-central1/instances {"type":"default_database"}
[debug] [2023-03-07T18:51:08.793Z] <<< [apiv2][status] POST https://firebasedatabase.googleapis.com/v1beta/projects/must-do/locations/us-central1/instances 200
[debug] [2023-03-07T18:51:08.794Z] <<< [apiv2][body] POST https://firebasedatabase.googleapis.com/v1beta/projects/must-do/locations/us-central1/instances {"name":"projects/403335231706/locations/us-central1/instances/must-do-default-rtdb","project":"projects/403335231706","databaseUrl":"https://must-do-default-rtdb.firebaseio.com","type":"DEFAULT_DATABASE","state":"ACTIVE"}
[debug] [2023-03-07T18:51:08.799Z] >>> [apiv2][query] POST https://firebasedatabase.googleapis.com/v1beta/projects/must-do/locations/us-central1/instances databaseId=must-do-default-rtdb
[debug] [2023-03-07T18:51:08.799Z] >>> [apiv2][body] POST https://firebasedatabase.googleapis.com/v1beta/projects/must-do/locations/us-central1/instances {"type":"default_database"}
[debug] [2023-03-07T18:51:09.974Z] <<< [apiv2][status] POST https://firebasedatabase.googleapis.com/v1beta/projects/must-do/locations/us-central1/instances 200
[debug] [2023-03-07T18:51:09.975Z] <<< [apiv2][body] POST https://firebasedatabase.googleapis.com/v1beta/projects/must-do/locations/us-central1/instances {"name":"projects/403335231706/locations/us-central1/instances/must-do-default-rtdb","project":"projects/403335231706","databaseUrl":"https://must-do-default-rtdb.firebaseio.com","type":"DEFAULT_DATABASE","state":"ACTIVE"}
[info] 
[info] Firebase Realtime Database Security Rules allow you to define how your data should be
[info] structured and when your data can be read from and written to.
[info] 
[debug] [2023-03-07T18:51:14.308Z] >>> [apiv2][query] GET https://must-do-default-rtdb.firebaseio.com/.settings/rules.json [none]
[debug] [2023-03-07T18:51:15.234Z] <<< [apiv2][status] GET https://must-do-default-rtdb.firebaseio.com/.settings/rules.json 200
[debug] [2023-03-07T18:51:15.235Z] <<< [apiv2][body] GET https://must-do-default-rtdb.firebaseio.com/.settings/rules.json [stream]
[info] +  Database Rules for must-do-default-rtdb have been written to database.rules.json. 
[info] Future modifications to database.rules.json will update Realtime Database Security Rules when you run
[info] firebase deploy.
[info] 
=== Firestore Setup
[debug] [2023-03-07T18:51:15.240Z] >>> [apiv2][query] GET https://serviceusage.googleapis.com/v1/projects/must-do/services/firestore.googleapis.com [none]
[debug] [2023-03-07T18:51:15.240Z] >>> [apiv2][(partial)header] GET https://serviceusage.googleapis.com/v1/projects/must-do/services/firestore.googleapis.com x-goog-quota-user=projects/must-do
[debug] [2023-03-07T18:51:16.276Z] <<< [apiv2][status] GET https://serviceusage.googleapis.com/v1/projects/must-do/services/firestore.googleapis.com 200
[debug] [2023-03-07T18:51:16.277Z] <<< [apiv2][body] GET https://serviceusage.googleapis.com/v1/projects/must-do/services/firestore.googleapis.com [omitted]
[debug] [2023-03-07T18:51:16.277Z] >>> [apiv2][query] GET https://firestore.googleapis.com/v1/projects/must-do/databases/(default) [none]
[debug] [2023-03-07T18:51:17.381Z] <<< [apiv2][status] GET https://firestore.googleapis.com/v1/projects/must-do/databases/(default) 200
[debug] [2023-03-07T18:51:17.381Z] <<< [apiv2][body] GET https://firestore.googleapis.com/v1/projects/must-do/databases/(default) {"name":"projects/must-do/databases/(default)","uid":"883791db-5ebd-4caa-93ab-0c924e8ab2c3","createTime":"2023-03-03T07:40:16.531058Z","updateTime":"2023-03-03T07:40:16.531058Z","locationId":"nam5","type":"FIRESTORE_NATIVE","concurrencyMode":"PESSIMISTIC","appEngineIntegrationMode":"DISABLED","keyPrefix":"s","etag":"IP6c8au+yv0CMIOa4pO+w/0C"}
[debug] [2023-03-07T18:51:17.381Z] database_type: FIRESTORE_NATIVE
[debug] [2023-03-07T18:51:17.382Z] > command requires scopes: ["email","openid","https://www.googleapis.com/auth/cloudplatformprojects.readonly","https://www.googleapis.com/auth/firebase","https://www.googleapis.com/auth/cloud-platform"]
[debug] [2023-03-07T18:51:17.382Z] > authorizing via signed-in user (ogundebusayo16@gmail.com)
[debug] [2023-03-07T18:51:17.382Z] [iam] checking project must-do for permissions ["firebase.projects.get"]
[debug] [2023-03-07T18:51:17.382Z] >>> [apiv2][query] POST https://cloudresourcemanager.googleapis.com/v1/projects/must-do:testIamPermissions [none]
[debug] [2023-03-07T18:51:17.382Z] >>> [apiv2][(partial)header] POST https://cloudresourcemanager.googleapis.com/v1/projects/must-do:testIamPermissions x-goog-quota-user=projects/must-do
[debug] [2023-03-07T18:51:17.382Z] >>> [apiv2][body] POST https://cloudresourcemanager.googleapis.com/v1/projects/must-do:testIamPermissions {"permissions":["firebase.projects.get"]}
[debug] [2023-03-07T18:51:18.407Z] <<< [apiv2][status] POST https://cloudresourcemanager.googleapis.com/v1/projects/must-do:testIamPermissions 200
[debug] [2023-03-07T18:51:18.408Z] <<< [apiv2][body] POST https://cloudresourcemanager.googleapis.com/v1/projects/must-do:testIamPermissions {"permissions":["firebase.projects.get"]}
[info] 
[info] Firestore Security Rules allow you to define how and when to allow
[info] requests. You can keep these rules in your project directory
[info] and publish them with firebase deploy.
[info] 
[debug] [2023-03-07T18:51:23.797Z] >>> [apiv2][query] GET https://firebaserules.googleapis.com/v1/projects/must-do/releases pageSize=10&pageToken=
[debug] [2023-03-07T18:51:24.983Z] <<< [apiv2][status] GET https://firebaserules.googleapis.com/v1/projects/must-do/releases 200
[debug] [2023-03-07T18:51:24.983Z] <<< [apiv2][body] GET https://firebaserules.googleapis.com/v1/projects/must-do/releases {"releases":[{"name":"projects/must-do/releases/cloud.firestore","rulesetName":"projects/must-do/rulesets/85ac86f2-309e-4662-b12a-73da05aa63a1","createTime":"2023-03-03T07:40:25.572036Z","updateTime":"2023-03-06T12:39:46.720691Z"}]}
[debug] [2023-03-07T18:51:24.984Z] Found ruleset: projects/must-do/rulesets/85ac86f2-309e-4662-b12a-73da05aa63a1
[debug] [2023-03-07T18:51:24.984Z] >>> [apiv2][query] GET https://firebaserules.googleapis.com/v1/projects/must-do/rulesets/85ac86f2-309e-4662-b12a-73da05aa63a1 [none]
[debug] [2023-03-07T18:51:25.943Z] <<< [apiv2][status] GET https://firebaserules.googleapis.com/v1/projects/must-do/rulesets/85ac86f2-309e-4662-b12a-73da05aa63a1 200
[debug] [2023-03-07T18:51:25.944Z] <<< [apiv2][body] GET https://firebaserules.googleapis.com/v1/projects/must-do/rulesets/85ac86f2-309e-4662-b12a-73da05aa63a1 [omitted]
[info] 
[info] Firestore indexes allow you to perform complex queries while
[info] maintaining performance that scales with the size of the result
[info] set. You can keep index definitions in your project directory
[info] and publish them with firebase deploy.
[info] 
[debug] [2023-03-07T18:51:27.498Z] >>> [apiv2][query] GET https://firestore.googleapis.com/v1/projects/must-do/databases/(default)/collectionGroups/-/indexes [none]
[debug] [2023-03-07T18:51:27.501Z] >>> [apiv2][query] GET https://firestore.googleapis.com/v1/projects/must-do/databases/(default)/collectionGroups/-/fields?filter=indexConfig.usesAncestorConfig=false OR ttlConfig:* [none]
[debug] [2023-03-07T18:51:28.492Z] <<< [apiv2][status] GET https://firestore.googleapis.com/v1/projects/must-do/databases/(default)/collectionGroups/-/fields?filter=indexConfig.usesAncestorConfig=false OR ttlConfig:* 200
[debug] [2023-03-07T18:51:28.492Z] <<< [apiv2][body] GET https://firestore.googleapis.com/v1/projects/must-do/databases/(default)/collectionGroups/-/fields?filter=indexConfig.usesAncestorConfig=false OR ttlConfig:* {"fields":[{"name":"projects/must-do/databases/(default)/collectionGroups/__default__/fields/*","indexConfig":{"indexes":[{"queryScope":"COLLECTION","fields":[{"fieldPath":"*","order":"ASCENDING"}],"state":"READY"},{"queryScope":"COLLECTION","fields":[{"fieldPath":"*","order":"DESCENDING"}],"state":"READY"},{"queryScope":"COLLECTION","fields":[{"fieldPath":"*","arrayConfig":"CONTAINS"}],"state":"READY"}]}}]}
[debug] [2023-03-07T18:51:28.510Z] <<< [apiv2][status] GET https://firestore.googleapis.com/v1/projects/must-do/databases/(default)/collectionGroups/-/indexes 200
[debug] [2023-03-07T18:51:28.510Z] <<< [apiv2][body] GET https://firestore.googleapis.com/v1/projects/must-do/databases/(default)/collectionGroups/-/indexes {}
[info] 
=== Functions Setup
[debug] [2023-03-07T18:51:28.515Z] > command requires scopes: ["email","openid","https://www.googleapis.com/auth/cloudplatformprojects.readonly","https://www.googleapis.com/auth/firebase","https://www.googleapis.com/auth/cloud-platform"]
[debug] [2023-03-07T18:51:28.516Z] > authorizing via signed-in user (ogundebusayo16@gmail.com)
[debug] [2023-03-07T18:51:28.516Z] [iam] checking project must-do for permissions ["firebase.projects.get"]
[debug] [2023-03-07T18:51:28.516Z] >>> [apiv2][query] POST https://cloudresourcemanager.googleapis.com/v1/projects/must-do:testIamPermissions [none]
[debug] [2023-03-07T18:51:28.516Z] >>> [apiv2][(partial)header] POST https://cloudresourcemanager.googleapis.com/v1/projects/must-do:testIamPermissions x-goog-quota-user=projects/must-do
[debug] [2023-03-07T18:51:28.516Z] >>> [apiv2][body] POST https://cloudresourcemanager.googleapis.com/v1/projects/must-do:testIamPermissions {"permissions":["firebase.projects.get"]}
[debug] [2023-03-07T18:51:29.432Z] <<< [apiv2][status] POST https://cloudresourcemanager.googleapis.com/v1/projects/must-do:testIamPermissions 200
[debug] [2023-03-07T18:51:29.432Z] <<< [apiv2][body] POST https://cloudresourcemanager.googleapis.com/v1/projects/must-do:testIamPermissions {"permissions":["firebase.projects.get"]}
[debug] [2023-03-07T18:51:29.433Z] >>> [apiv2][query] GET https://serviceusage.googleapis.com/v1/projects/must-do/services/cloudfunctions.googleapis.com [none]
[debug] [2023-03-07T18:51:29.433Z] >>> [apiv2][(partial)header] GET https://serviceusage.googleapis.com/v1/projects/must-do/services/cloudfunctions.googleapis.com x-goog-quota-user=projects/must-do
[debug] [2023-03-07T18:51:29.434Z] >>> [apiv2][query] GET https://serviceusage.googleapis.com/v1/projects/must-do/services/runtimeconfig.googleapis.com [none]
[debug] [2023-03-07T18:51:29.435Z] >>> [apiv2][(partial)header] GET https://serviceusage.googleapis.com/v1/projects/must-do/services/runtimeconfig.googleapis.com x-goog-quota-user=projects/must-do
[debug] [2023-03-07T18:51:30.494Z] <<< [apiv2][status] GET https://serviceusage.googleapis.com/v1/projects/must-do/services/runtimeconfig.googleapis.com 200
[debug] [2023-03-07T18:51:30.494Z] <<< [apiv2][body] GET https://serviceusage.googleapis.com/v1/projects/must-do/services/runtimeconfig.googleapis.com [omitted]
[debug] [2023-03-07T18:51:30.496Z] <<< [apiv2][status] GET https://serviceusage.googleapis.com/v1/projects/must-do/services/cloudfunctions.googleapis.com 200
[debug] [2023-03-07T18:51:30.496Z] <<< [apiv2][body] GET https://serviceusage.googleapis.com/v1/projects/must-do/services/cloudfunctions.googleapis.com [omitted]
[debug] [2023-03-07T18:51:30.496Z] >>> [apiv2][query] POST https://serviceusage.googleapis.com/v1/projects/must-do/services/cloudfunctions.googleapis.com:enable [none]
[debug] [2023-03-07T18:51:30.497Z] >>> [apiv2][(partial)header] POST https://serviceusage.googleapis.com/v1/projects/must-do/services/cloudfunctions.googleapis.com:enable x-goog-quota-user=projects/must-do
[debug] [2023-03-07T18:51:32.220Z] <<< [apiv2][status] POST https://serviceusage.googleapis.com/v1/projects/must-do/services/cloudfunctions.googleapis.com:enable 200
[debug] [2023-03-07T18:51:32.220Z] <<< [apiv2][body] POST https://serviceusage.googleapis.com/v1/projects/must-do/services/cloudfunctions.googleapis.com:enable [omitted]
[debug] [2023-03-07T18:51:42.223Z] >>> [apiv2][query] GET https://serviceusage.googleapis.com/v1/projects/must-do/services/cloudfunctions.googleapis.com [none]
[debug] [2023-03-07T18:51:42.223Z] >>> [apiv2][(partial)header] GET https://serviceusage.googleapis.com/v1/projects/must-do/services/cloudfunctions.googleapis.com x-goog-quota-user=projects/must-do
[debug] [2023-03-07T18:51:43.363Z] <<< [apiv2][status] GET https://serviceusage.googleapis.com/v1/projects/must-do/services/cloudfunctions.googleapis.com 200
[debug] [2023-03-07T18:51:43.363Z] <<< [apiv2][body] GET https://serviceusage.googleapis.com/v1/projects/must-do/services/cloudfunctions.googleapis.com [omitted]
[info] Let's create a new codebase for your functions.
[info] A directory corresponding to the codebase will be created in your project
[info] with sample code pre-configured.

[info] See https://firebase.google.com/docs/functions/organize-functions for
[info] more information on organizing your functions using codebases.

[info] Functions can be deployed with firebase deploy.

[info] +  Wrote functions/package.json 
[info] +  Wrote functions/index.js 
[info] +  Wrote functions/.gitignore 
[info] 
=== Hosting Setup
[info] 
[info] Your public directory is the folder (relative to your project directory) that
[info] will contain Hosting assets to be uploaded with firebase deploy. If you
[info] have a build process for your assets, use your build's output directory.
[info] 
[debug] [2023-03-07T18:54:49.307Z] >>> [apiv2][query] GET https://www.gstatic.com/firebasejs/releases.json [none]
[debug] [2023-03-07T18:54:49.547Z] <<< [apiv2][status] GET https://www.gstatic.com/firebasejs/releases.json 200
[debug] [2023-03-07T18:54:49.547Z] <<< [apiv2][body] GET https://www.gstatic.com/firebasejs/releases.json {"current":{"version":"9.17.2","browserURL":"https://www.gstatic.com/firebasejs/9.17.2/firebase.js","packageURL":"https://www.gstatic.com/firebasejs/9.17.2/firebase.tgz"},"live":{"version":"9.17","browserURL":"https://www.gstatic.com/firebasejs/live/9.17/firebase.js","packageURL":"https://www.gstatic.com/firebasejs/live/9.17/firebase.tgz"},"components":{"analytics":"https://www.gstatic.com/firebasejs/9.17.2/firebase-analytics.js","app":"https://www.gstatic.com/firebasejs/9.17.2/firebase-app.js","app-check":"https://www.gstatic.com/firebasejs/9.17.2/firebase-app-check.js","auth":"https://www.gstatic.com/firebasejs/9.17.2/firebase-auth.js","auth/cordova":"https://www.gstatic.com/firebasejs/9.17.2/firebase-auth/cordova.js","auth/react-native":"https://www.gstatic.com/firebasejs/9.17.2/firebase-auth/react-native.js","functions":"https://www.gstatic.com/firebasejs/9.17.2/firebase-functions.js","firestore":"https://www.gstatic.com/firebasejs/9.17.2/firebase-firestore.js","firestore/lite":"https://www.gstatic.com/firebasejs/9.17.2/firebase-firestore/lite.js","installations":"https://www.gstatic.com/firebasejs/9.17.2/firebase-installations.js","storage":"https://www.gstatic.com/firebasejs/9.17.2/firebase-storage.js","performance":"https://www.gstatic.com/firebasejs/9.17.2/firebase-performance.js","remote-config":"https://www.gstatic.com/firebasejs/9.17.2/firebase-remote-config.js","messaging":"https://www.gstatic.com/firebasejs/9.17.2/firebase-messaging.js","messaging/sw":"https://www.gstatic.com/firebasejs/9.17.2/firebase-messaging/sw.js","database":"https://www.gstatic.com/firebasejs/9.17.2/firebase-database.js","firestore.memory":"https://www.gstatic.com/firebasejs/9.17.2/firebase-firestore.memory.js"}}
[info] i  Skipping write of public/index.html 
[info] 
[info] i  Detected a .git folder at C:\Users\BusayoOgunde\Desktop\todoist 
[info] i  Authorizing with GitHub to upload your service account to a GitHub repository's secrets store. 
[info] 
[info] Visit this URL on this device to log in:
[info] https://github.com/login/oauth/authorize?client_id=89cf50f02ac6aaed3484&state=130005582&redirect_uri=http%3A%2F%2Flocalhost%3A9005&scope=read%3Auser%20repo%20public_repo
[info] 
[info] Waiting for authentication...
[debug] [2023-03-07T18:56:06.702Z] >>> [apiv2][query] POST https://github.com/login/oauth/access_token [none]
[debug] [2023-03-07T18:56:06.702Z] >>> [apiv2][body] POST https://github.com/login/oauth/access_token [stream]
[debug] [2023-03-07T18:56:07.330Z] <<< [apiv2][status] POST https://github.com/login/oauth/access_token 200
[debug] [2023-03-07T18:56:07.331Z] <<< [apiv2][body] POST https://github.com/login/oauth/access_token {"access_token":"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","token_type":"bearer","scope":"read:user,repo"}
[debug] [2023-03-07T18:56:07.346Z] >>> [apiv2][query] GET https://api.github.com/user [none]
[debug] [2023-03-07T18:56:07.972Z] <<< [apiv2][status] GET https://api.github.com/user 200
[debug] [2023-03-07T18:56:07.972Z] <<< [apiv2][body] GET https://api.github.com/user {"login":"hokageCodes","id":96055963,"node_id":"U_kgDOBbmymw","avatar_url":"https://avatars.githubusercontent.com/u/96055963?v=4","gravatar_id":"","url":"https://api.github.com/users/hokageCodes","html_url":"https://github.com/hokageCodes","followers_url":"https://api.github.com/users/hokageCodes/followers","following_url":"https://api.github.com/users/hokageCodes/following{/other_user}","gists_url":"https://api.github.com/users/hokageCodes/gists{/gist_id}","starred_url":"https://api.github.com/users/hokageCodes/starred{/owner}{/repo}","subscriptions_url":"https://api.github.com/users/hokageCodes/subscriptions","organizations_url":"https://api.github.com/users/hokageCodes/orgs","repos_url":"https://api.github.com/users/hokageCodes/repos","events_url":"https://api.github.com/users/hokageCodes/events{/privacy}","received_events_url":"https://api.github.com/users/hokageCodes/received_events","type":"User","site_admin":false,"name":"HokageWhoCodes","company":null,"blog":"hokageportfolio.netlify.app","location":"Nigeria","email":"hashsenju94@gmail.com","hireable":true,"bio":"This account belongs to @kagedevio and its gonna host all the developer challenges that he takes on, and team-work/collaborative projects. So Holla anytime!","twitter_username":"busaryoh","public_repos":29,"public_gists":0,"followers":9,"following":11,"created_at":"2021-12-13T11:29:09Z","updated_at":"2023-03-07T18:56:01Z","private_gists":0,"total_private_repos":0,"owned_private_repos":0,"disk_usage":57387,"collaborators":0,"two_factor_authentication":false,"plan":{"name":"free","space":976562499,"collaborators":0,"private_repos":10000}}
[info] 
[info] +  Success! Logged into GitHub as hokageCodes 
[info] 
[debug] [2023-03-07T18:56:14.027Z] >>> [apiv2][query] GET https://api.github.com/repos//actions/secrets/public-key type=owner
[debug] [2023-03-07T18:56:14.596Z] <<< [apiv2][status] GET https://api.github.com/repos//actions/secrets/public-key 404
[debug] [2023-03-07T18:56:14.596Z] <<< [apiv2][body] GET https://api.github.com/repos//actions/secrets/public-key {"message":"Not Found","documentation_url":"https://docs.github.com/rest"}
[debug] [2023-03-07T18:56:22.181Z] >>> [apiv2][query] GET https://api.github.com/repos//actions/secrets/public-key type=owner
[debug] [2023-03-07T18:56:22.766Z] <<< [apiv2][status] GET https://api.github.com/repos//actions/secrets/public-key 404
[debug] [2023-03-07T18:56:22.766Z] <<< [apiv2][body] GET https://api.github.com/repos//actions/secrets/public-key {"message":"Not Found","documentation_url":"https://docs.github.com/rest"}
[debug] [2023-03-07T18:56:38.303Z] >>> [apiv2][query] GET https://api.github.com/repos//actions/secrets/public-key type=owner
[debug] [2023-03-07T18:56:38.823Z] <<< [apiv2][status] GET https://api.github.com/repos//actions/secrets/public-key 404
[debug] [2023-03-07T18:56:38.823Z] <<< [apiv2][body] GET https://api.github.com/repos//actions/secrets/public-key {"message":"Not Found","documentation_url":"https://docs.github.com/rest"}
[debug] [2023-03-07T18:56:42.976Z] >>> [apiv2][query] GET https://api.github.com/repos/n/actions/secrets/public-key type=owner
[debug] [2023-03-07T18:56:43.472Z] <<< [apiv2][status] GET https://api.github.com/repos/n/actions/secrets/public-key 404
[debug] [2023-03-07T18:56:43.473Z] <<< [apiv2][body] GET https://api.github.com/repos/n/actions/secrets/public-key {"message":"Not Found","documentation_url":"https://docs.github.com/rest"}
[debug] [2023-03-07T18:56:44.126Z] >>> [apiv2][query] GET https://api.github.com/repos/n/actions/secrets/public-key type=owner
[debug] [2023-03-07T18:56:44.696Z] <<< [apiv2][status] GET https://api.github.com/repos/n/actions/secrets/public-key 404
[debug] [2023-03-07T18:56:44.696Z] <<< [apiv2][body] GET https://api.github.com/repos/n/actions/secrets/public-key {"message":"Not Found","documentation_url":"https://docs.github.com/rest"}
[debug] [2023-03-07T18:56:46.456Z] >>> [apiv2][query] GET https://api.github.com/repos/no/actions/secrets/public-key type=owner
[debug] [2023-03-07T18:56:47.041Z] <<< [apiv2][status] GET https://api.github.com/repos/no/actions/secrets/public-key 404
[debug] [2023-03-07T18:56:47.041Z] <<< [apiv2][body] GET https://api.github.com/repos/no/actions/secrets/public-key {"message":"Not Found","documentation_url":"https://docs.github.com/rest"}
[debug] [2023-03-07T18:56:47.279Z] >>> [apiv2][query] GET https://api.github.com/repos/no/actions/secrets/public-key type=owner
[debug] [2023-03-07T18:56:47.636Z] >>> [apiv2][query] GET https://api.github.com/repos//actions/secrets/public-key type=owner
[debug] [2023-03-07T18:56:47.802Z] <<< [apiv2][status] GET https://api.github.com/repos/no/actions/secrets/public-key 404
[debug] [2023-03-07T18:56:47.803Z] <<< [apiv2][body] GET https://api.github.com/repos/no/actions/secrets/public-key {"message":"Not Found","documentation_url":"https://docs.github.com/rest"}
[debug] [2023-03-07T18:56:47.902Z] >>> [apiv2][query] GET https://api.github.com/repos/no/actions/secrets/public-key type=owner
[debug] [2023-03-07T18:56:48.140Z] <<< [apiv2][status] GET https://api.github.com/repos//actions/secrets/public-key 404
[debug] [2023-03-07T18:56:48.140Z] <<< [apiv2][body] GET https://api.github.com/repos//actions/secrets/public-key {"message":"Not Found","documentation_url":"https://docs.github.com/rest"}
[debug] [2023-03-07T18:56:48.174Z] >>> [apiv2][query] GET https://api.github.com/repos//actions/secrets/public-key type=owner
[debug] [2023-03-07T18:56:48.427Z] <<< [apiv2][status] GET https://api.github.com/repos/no/actions/secrets/public-key 404
[debug] [2023-03-07T18:56:48.428Z] <<< [apiv2][body] GET https://api.github.com/repos/no/actions/secrets/public-key {"message":"Not Found","documentation_url":"https://docs.github.com/rest"}
[debug] [2023-03-07T18:56:48.823Z] <<< [apiv2][status] GET https://api.github.com/repos//actions/secrets/public-key 404
[debug] [2023-03-07T18:56:48.823Z] <<< [apiv2][body] GET https://api.github.com/repos//actions/secrets/public-key {"message":"Not Found","documentation_url":"https://docs.github.com/rest"}
